<?xml version="1.0" encoding="UTF-8"?>
<testng-results ignored="0" total="1" passed="1" failed="0" skipped="0">
  <reporter-output>
  </reporter-output>
  <suite started-at="2022-07-26T00:56:12 PDT" name="Default suite" finished-at="2022-07-26T00:56:15 PDT" duration-ms="2756">
    <groups>
    </groups>
    <test started-at="2022-07-26T00:56:12 PDT" name="Default test" finished-at="2022-07-26T00:56:15 PDT" duration-ms="2756">
      <class name="restAPI_reqres.GET_01_ListUser_Validation2">
        <test-method signature="verifyStatusCode()[pri:0, instance:restAPI_reqres.GET_01_ListUser_Validation2@3c73951]" started-at="2022-07-26T00:56:12 PDT" name="verifyStatusCode" finished-at="2022-07-26T00:56:15 PDT" duration-ms="2691" status="PASS">
          <reporter-output>
          </reporter-output>
        </test-method> <!-- verifyStatusCode -->
      </class> <!-- restAPI_reqres.GET_01_ListUser_Validation2 -->
    </test> <!-- Default test -->
  </suite> <!-- Default suite -->
</testng-results>
